<html>
<head>
<title>TestNG:  Test Node1</title>
<link href="../testng.css" rel="stylesheet" type="text/css" />
<link href="../my-testng.css" rel="stylesheet" type="text/css" />

<style type="text/css">
.log { display: none;} 
.stack-trace { display: none;} 
</style>
<script type="text/javascript">
<!--
function flip(e) {
  current = e.style.display;
  if (current == 'block') {
    e.style.display = 'none';
    return 0;
  }
  else {
    e.style.display = 'block';
    return 1;
  }
}

function toggleBox(szDivId, elem, msg1, msg2)
{
  var res = -1;  if (document.getElementById) {
    res = flip(document.getElementById(szDivId));
  }
  else if (document.all) {
    // this is the way old msie versions work
    res = flip(document.all[szDivId]);
  }
  if(elem) {
    if(res == 0) elem.innerHTML = msg1; else elem.innerHTML = msg2;
  }

}

function toggleAllBoxes() {
  if (document.getElementsByTagName) {
    d = document.getElementsByTagName('div');
    for (i = 0; i < d.length; i++) {
      if (d[i].className == 'log') {
        flip(d[i]);
      }
    }
  }
}

// -->
</script>

</head>
<body>
<h2 align='center'>Test Node1</h2><table border='1' align="center">
<tr>
<td>Tests passed/Failed/Skipped:</td><td>11/1/0</td>
</tr><tr>
<td>Started on:</td><td>Thu Oct 29 22:09:39 IST 2020</td>
</tr>
<tr><td>Total time:</td><td>395 seconds (395474 ms)</td>
</tr><tr>
<td>Included groups:</td><td></td>
</tr><tr>
<td>Excluded groups:</td><td></td>
</tr>
</table><p/>
<small><i>(Hover the method name to see the test class name)</i></small><p/>
<table width='100%' border='1' class='invocation-failed'>
<tr><td colspan='4' align='center'><b>FAILED TESTS</b></td></tr>
<tr><td><b>Test method</b></td>
<td width="30%"><b>Exception</b></td>
<td width="10%"><b>Time (seconds)</b></td>
<td><b>Instance</b></td>
</tr>
<tr>
<td title='testCases.TestHome.testTwo()'><b>testTwo</b><br>Test class: testCases.TestHome<br>Parameters: {Rate=12.5, Tenure=10.0, Principal=9500000.0}</td>
<td><div><pre>java.lang.AssertionError: Unable to locate element: /html[1]/body[1]/div[1]/div[1]/main[1]/article[1]/div[3]/div[1]/div[3]/div[2]/table[1]/tbody[1]/tr[22]/td[1]
For documentation on this error, please visit: https://www.seleniumhq.org/exceptions/no_such_element.html
Build info: version: &apos;3.141.59&apos;, revision: &apos;e82be7d358&apos;, time: &apos;2018-11-14T08:17:03&apos;
System info: host: &apos;DESKTOP-5P74EC3&apos;, ip: &apos;192.168.29.71&apos;, os.name: &apos;Windows 10&apos;, os.arch: &apos;amd64&apos;, os.version: &apos;10.0&apos;, java.version: &apos;1.8.0_261&apos;
Driver info: org.openqa.selenium.remote.RemoteWebDriver
Capabilities {acceptInsecureCerts: true, browserName: firefox, browserVersion: 81.0, javascriptEnabled: true, moz:accessibilityChecks: false, moz:buildID: 20200917005511, moz:geckodriverVersion: 0.27.0, moz:headless: false, moz:processID: 12364, moz:profile: C:\Users\AYAN RAY\AppData\L..., moz:shutdownTimeout: 60000, moz:useNonSpecCompliantPointerOrigin: false, moz:webdriverClick: true, pageLoadStrategy: normal, platform: WINDOWS, platformName: WINDOWS, platformVersion: 10.0, rotatable: false, setWindowRect: true, strictFileInteractability: false, timeouts: {implicit: 0, pageLoad: 300000, script: 30000}, unhandledPromptBehavior: dismiss and notify, webdriver.remote.sessionid: 5275594f-7e6a-454a-b25a-b3d...}
Session ID: 5275594f-7e6a-454a-b25a-b3d712bc8f5c
*** Element info: {Using=xpath, value=/html[1]/body[1]/div[1]/div[1]/main[1]/article[1]/div[3]/div[1]/div[3]/div[2]/table[1]/tbody[1]/tr[22]/td[1]}
	at emiCalculator_baseUI.BaseUI.reportFail(BaseUI.java:434)
	at emiCalculator_baseUI.BaseUI.displayHomeLoanEMI(BaseUI.java:401)
	at testCases.TestHome.testTwo(TestHome.java:68)
	at java.util.concurrent.ThreadPoolExecutor.runWorker(Unknown Source)
	at java.util.concurrent.ThreadPoolExecutor$Worker.run(Unknown Source)
	at java.lang.Thread.run(Unknown Source)
... Removed 13 stack frames</pre></div><a href='#' onClick='toggleBox("stack-trace685853125", this, "Click to show all stack frames", "Click to hide stack frames")'>Click to show all stack frames</a>
<div class='stack-trace' id='stack-trace685853125'><pre>java.lang.AssertionError: Unable to locate element: /html[1]/body[1]/div[1]/div[1]/main[1]/article[1]/div[3]/div[1]/div[3]/div[2]/table[1]/tbody[1]/tr[22]/td[1]
For documentation on this error, please visit: https://www.seleniumhq.org/exceptions/no_such_element.html
Build info: version: &apos;3.141.59&apos;, revision: &apos;e82be7d358&apos;, time: &apos;2018-11-14T08:17:03&apos;
System info: host: &apos;DESKTOP-5P74EC3&apos;, ip: &apos;192.168.29.71&apos;, os.name: &apos;Windows 10&apos;, os.arch: &apos;amd64&apos;, os.version: &apos;10.0&apos;, java.version: &apos;1.8.0_261&apos;
Driver info: org.openqa.selenium.remote.RemoteWebDriver
Capabilities {acceptInsecureCerts: true, browserName: firefox, browserVersion: 81.0, javascriptEnabled: true, moz:accessibilityChecks: false, moz:buildID: 20200917005511, moz:geckodriverVersion: 0.27.0, moz:headless: false, moz:processID: 12364, moz:profile: C:\Users\AYAN RAY\AppData\L..., moz:shutdownTimeout: 60000, moz:useNonSpecCompliantPointerOrigin: false, moz:webdriverClick: true, pageLoadStrategy: normal, platform: WINDOWS, platformName: WINDOWS, platformVersion: 10.0, rotatable: false, setWindowRect: true, strictFileInteractability: false, timeouts: {implicit: 0, pageLoad: 300000, script: 30000}, unhandledPromptBehavior: dismiss and notify, webdriver.remote.sessionid: 5275594f-7e6a-454a-b25a-b3d...}
Session ID: 5275594f-7e6a-454a-b25a-b3d712bc8f5c
*** Element info: {Using=xpath, value=/html[1]/body[1]/div[1]/div[1]/main[1]/article[1]/div[3]/div[1]/div[3]/div[2]/table[1]/tbody[1]/tr[22]/td[1]}
	at org.testng.Assert.fail(Assert.java:99)
	at emiCalculator_baseUI.BaseUI.reportFail(BaseUI.java:434)
	at emiCalculator_baseUI.BaseUI.displayHomeLoanEMI(BaseUI.java:401)
	at testCases.TestHome.testTwo(TestHome.java:68)
	at sun.reflect.NativeMethodAccessorImpl.invoke0(Native Method)
	at sun.reflect.NativeMethodAccessorImpl.invoke(Unknown Source)
	at sun.reflect.DelegatingMethodAccessorImpl.invoke(Unknown Source)
	at java.lang.reflect.Method.invoke(Unknown Source)
	at org.testng.internal.MethodInvocationHelper.invokeMethod(MethodInvocationHelper.java:132)
	at org.testng.internal.TestInvoker.invokeMethod(TestInvoker.java:599)
	at org.testng.internal.TestInvoker.invokeTestMethod(TestInvoker.java:174)
	at org.testng.internal.MethodRunner.runInSequence(MethodRunner.java:46)
	at org.testng.internal.TestInvoker$MethodInvocationAgent.invoke(TestInvoker.java:822)
	at org.testng.internal.TestInvoker.invokeTestMethods(TestInvoker.java:147)
	at org.testng.internal.TestMethodWorker.invokeTestMethods(TestMethodWorker.java:146)
	at org.testng.internal.TestMethodWorker.run(TestMethodWorker.java:128)
	at java.util.concurrent.ThreadPoolExecutor.runWorker(Unknown Source)
	at java.util.concurrent.ThreadPoolExecutor$Worker.run(Unknown Source)
	at java.lang.Thread.run(Unknown Source)
</pre></div></td>
<td>153</td>
<td>testCases.TestHome@a1cdc6d</td></tr>
</table><p>
<table width='100%' border='1' class='invocation-passed'>
<tr><td colspan='4' align='center'><b>PASSED TESTS</b></td></tr>
<tr><td><b>Test method</b></td>
<td width="30%"><b>Exception</b></td>
<td width="10%"><b>Time (seconds)</b></td>
<td><b>Instance</b></td>
</tr>
<tr>
<td title='testCases.TestCar.TestOne()'><b>TestOne</b><br>Test class: testCases.TestCar<br>Parameters: {Rate=7.0, Tenure=3.0, Principal=100000.0}</td>
<td></td>
<td>51</td>
<td>testCases.TestCar@623a8092</td></tr>
<tr>
<td title='testCases.TestCar.TestOne()'><b>TestOne</b><br>Test class: testCases.TestCar<br>Parameters: {Rate=7.5, Tenure=4.0, Principal=700000.0}</td>
<td></td>
<td>44</td>
<td>testCases.TestCar@623a8092</td></tr>
<tr>
<td title='testCases.TestCar.TestOne()'><b>TestOne</b><br>Test class: testCases.TestCar<br>Parameters: {Rate=8.0, Tenure=5.0, Principal=900000.0}</td>
<td></td>
<td>44</td>
<td>testCases.TestCar@623a8092</td></tr>
<tr>
<td title='testCases.TestCar.TestTwo()'><b>TestTwo</b><br>Test class: testCases.TestCar<br>Parameters: {Rate=9.5, Tenure=1.0, Principal=1500000.0}</td>
<td></td>
<td>41</td>
<td>testCases.TestCar@623a8092</td></tr>
<tr>
<td title='testCases.TestCar.TestTwo()'><b>TestTwo</b><br>Test class: testCases.TestCar<br>Parameters: {Rate=8.0, Tenure=4.0, Principal=400000.0}</td>
<td></td>
<td>43</td>
<td>testCases.TestCar@623a8092</td></tr>
<tr>
<td title='testCases.TestCar.TestTwo()'><b>TestTwo</b><br>Test class: testCases.TestCar<br>Parameters: {Rate=12.5, Tenure=6.0, Principal=900000.0}</td>
<td></td>
<td>41</td>
<td>testCases.TestCar@623a8092</td></tr>
<tr>
<td title='testCases.TestHome.testOne()'><b>testOne</b><br>Test class: testCases.TestHome<br>Parameters: {Rate=9.5, Tenure=5.0, Principal=2500000.0}</td>
<td></td>
<td>52</td>
<td>testCases.TestHome@a1cdc6d</td></tr>
<tr>
<td title='testCases.TestHome.testOne()'><b>testOne</b><br>Test class: testCases.TestHome<br>Parameters: {Rate=12.0, Tenure=8.0, Principal=5000000.0}</td>
<td></td>
<td>42</td>
<td>testCases.TestHome@a1cdc6d</td></tr>
<tr>
<td title='testCases.TestHome.testOne()'><b>testOne</b><br>Test class: testCases.TestHome<br>Parameters: {Rate=15.0, Tenure=12.0, Principal=7500000.0}</td>
<td></td>
<td>49</td>
<td>testCases.TestHome@a1cdc6d</td></tr>
<tr>
<td title='testCases.TestHome.testTwo()'><b>testTwo</b><br>Test class: testCases.TestHome<br>Parameters: {Rate=9.5, Tenure=6.0, Principal=2000000.0}</td>
<td></td>
<td>44</td>
<td>testCases.TestHome@a1cdc6d</td></tr>
<tr>
<td title='testCases.TestHome.testTwo()'><b>testTwo</b><br>Test class: testCases.TestHome<br>Parameters: {Rate=15.0, Tenure=8.0, Principal=7000000.0}</td>
<td></td>
<td>51</td>
<td>testCases.TestHome@a1cdc6d</td></tr>
</table><p>
</body>
</html>