<?xml version="1.0" encoding="UTF-8"?>
<!-- Generated by org.testng.reporters.JUnitXMLReporter -->
<testsuite hostname="DESKTOP-5P74EC3" ignored="0" name="Test Node1" tests="12" failures="1" timestamp="2020-10-29T22:16:15 IST" time="395.474" errors="0">
  <testcase name="TestOne" time="51.253" classname="testCases.TestCar"/>
  <testcase name="testOne" time="52.102" classname="testCases.TestHome"/>
  <testcase name="testOne" time="42.712" classname="testCases.TestHome"/>
  <testcase name="TestOne" time="44.434" classname="testCases.TestCar"/>
  <testcase name="TestOne" time="44.669" classname="testCases.TestCar"/>
  <testcase name="testOne" time="49.69" classname="testCases.TestHome"/>
  <testcase name="TestTwo" time="41.881" classname="testCases.TestCar"/>
  <testcase name="testTwo" time="44.381" classname="testCases.TestHome"/>
  <testcase name="TestTwo" time="43.411" classname="testCases.TestCar"/>
  <testcase name="testTwo" time="51.732" classname="testCases.TestHome"/>
  <testcase name="TestTwo" time="41.79" classname="testCases.TestCar"/>
  <testcase name="testTwo" time="153.69" classname="testCases.TestHome">
    <failure type="java.lang.AssertionError" message="Unable to locate element: /html[1]/body[1]/div[1]/div[1]/main[1]/article[1]/div[3]/div[1]/div[3]/div[2]/table[1]/tbody[1]/tr[22]/td[1]
For documentation on this error, please visit: https://www.seleniumhq.org/exceptions/no_such_element.html
Build info: version: &amp;apos;3.141.59&amp;apos;, revision: &amp;apos;e82be7d358&amp;apos;, time: &amp;apos;2018-11-14T08:17:03&amp;apos;
System info: host: &amp;apos;DESKTOP-5P74EC3&amp;apos;, ip: &amp;apos;192.168.29.71&amp;apos;, os.name: &amp;apos;Windows 10&amp;apos;, os.arch: &amp;apos;amd64&amp;apos;, os.version: &amp;apos;10.0&amp;apos;, java.version: &amp;apos;1.8.0_261&amp;apos;
Driver info: org.openqa.selenium.remote.RemoteWebDriver
Capabilities {acceptInsecureCerts: true, browserName: firefox, browserVersion: 81.0, javascriptEnabled: true, moz:accessibilityChecks: false, moz:buildID: 20200917005511, moz:geckodriverVersion: 0.27.0, moz:headless: false, moz:processID: 12364, moz:profile: C:\Users\AYAN RAY\AppData\L..., moz:shutdownTimeout: 60000, moz:useNonSpecCompliantPointerOrigin: false, moz:webdriverClick: true, pageLoadStrategy: normal, platform: WINDOWS, platformName: WINDOWS, platformVersion: 10.0, rotatable: false, setWindowRect: true, strictFileInteractability: false, timeouts: {implicit: 0, pageLoad: 300000, script: 30000}, unhandledPromptBehavior: dismiss and notify, webdriver.remote.sessionid: 5275594f-7e6a-454a-b25a-b3d...}
Session ID: 5275594f-7e6a-454a-b25a-b3d712bc8f5c
*** Element info: {Using=xpath, value=/html[1]/body[1]/div[1]/div[1]/main[1]/article[1]/div[3]/div[1]/div[3]/div[2]/table[1]/tbody[1]/tr[22]/td[1]}">
      <![CDATA[java.lang.AssertionError: Unable to locate element: /html[1]/body[1]/div[1]/div[1]/main[1]/article[1]/div[3]/div[1]/div[3]/div[2]/table[1]/tbody[1]/tr[22]/td[1]
For documentation on this error, please visit: https://www.seleniumhq.org/exceptions/no_such_element.html
Build info: version: '3.141.59', revision: 'e82be7d358', time: '2018-11-14T08:17:03'
System info: host: 'DESKTOP-5P74EC3', ip: '192.168.29.71', os.name: 'Windows 10', os.arch: 'amd64', os.version: '10.0', java.version: '1.8.0_261'
Driver info: org.openqa.selenium.remote.RemoteWebDriver
Capabilities {acceptInsecureCerts: true, browserName: firefox, browserVersion: 81.0, javascriptEnabled: true, moz:accessibilityChecks: false, moz:buildID: 20200917005511, moz:geckodriverVersion: 0.27.0, moz:headless: false, moz:processID: 12364, moz:profile: C:\Users\AYAN RAY\AppData\L..., moz:shutdownTimeout: 60000, moz:useNonSpecCompliantPointerOrigin: false, moz:webdriverClick: true, pageLoadStrategy: normal, platform: WINDOWS, platformName: WINDOWS, platformVersion: 10.0, rotatable: false, setWindowRect: true, strictFileInteractability: false, timeouts: {implicit: 0, pageLoad: 300000, script: 30000}, unhandledPromptBehavior: dismiss and notify, webdriver.remote.sessionid: 5275594f-7e6a-454a-b25a-b3d...}
Session ID: 5275594f-7e6a-454a-b25a-b3d712bc8f5c
*** Element info: {Using=xpath, value=/html[1]/body[1]/div[1]/div[1]/main[1]/article[1]/div[3]/div[1]/div[3]/div[2]/table[1]/tbody[1]/tr[22]/td[1]}
at emiCalculator_baseUI.BaseUI.reportFail(BaseUI.java:434)
at emiCalculator_baseUI.BaseUI.displayHomeLoanEMI(BaseUI.java:401)
at testCases.TestHome.testTwo(TestHome.java:68)
at java.util.concurrent.ThreadPoolExecutor.runWorker(Unknown Source)
at java.util.concurrent.ThreadPoolExecutor$Worker.run(Unknown Source)
at java.lang.Thread.run(Unknown Source)
... Removed 13 stack frames]]>
    </failure>
  </testcase> <!-- testTwo -->
</testsuite> <!-- Test Node1 -->
