<?xml version="1.0" encoding="UTF-8"?>
<!-- Generated by org.testng.reporters.JUnitReportReporter -->
<testsuite skipped="0" hostname="DESKTOP-5P74EC3" name="testCases.TestHome" tests="6" failures="1" timestamp="2020-10-29T22:16:15 IST" time="394.315" errors="0">
  <testcase name="testOne" time="52.103" classname="testCases.TestHome"/>
  <system-out/>
  <testcase name="testOne" time="42.712" classname="testCases.TestHome"/>
  <system-out/>
  <testcase name="testOne" time="49.693" classname="testCases.TestHome"/>
  <system-out/>
  <testcase name="testTwo" time="153.694" classname="testCases.TestHome">
    <failure type="java.lang.AssertionError" message="Unable to locate element: /html[1]/body[1]/div[1]/div[1]/main[1]/article[1]/div[3]/div[1]/div[3]/div[2]/table[1]/tbody[1]/tr[22]/td[1]
For documentation on this error, please visit: https://www.seleniumhq.org/exceptions/no_such_element.html
Build info: version: &#039;3.141.59&#039;, revision: &#039;e82be7d358&#039;, time: &#039;2018-11-14T08:17:03&#039;
System info: host: &#039;DESKTOP-5P74EC3&#039;, ip: &#039;192.168.29.71&#039;, os.name: &#039;Windows 10&#039;, os.arch: &#039;amd64&#039;, os.version: &#039;10.0&#039;, java.version: &#039;1.8.0_261&#039;
Driver info: org.openqa.selenium.remote.RemoteWebDriver
Capabilities {acceptInsecureCerts: true, browserName: firefox, browserVersion: 81.0, javascriptEnabled: true, moz:accessibilityChecks: false, moz:buildID: 20200917005511, moz:geckodriverVersion: 0.27.0, moz:headless: false, moz:processID: 12364, moz:profile: C:\Users\AYAN RAY\AppData\L..., moz:shutdownTimeout: 60000, moz:useNonSpecCompliantPointerOrigin: false, moz:webdriverClick: true, pageLoadStrategy: normal, platform: WINDOWS, platformName: WINDOWS, platformVersion: 10.0, rotatable: false, setWindowRect: true, strictFileInteractability: false, timeouts: {implicit: 0, pageLoad: 300000, script: 30000}, unhandledPromptBehavior: dismiss and notify, webdriver.remote.sessionid: 5275594f-7e6a-454a-b25a-b3d...}
Session ID: 5275594f-7e6a-454a-b25a-b3d712bc8f5c
*** Element info: {Using=xpath, value=/html[1]/body[1]/div[1]/div[1]/main[1]/article[1]/div[3]/div[1]/div[3]/div[2]/table[1]/tbody[1]/tr[22]/td[1]}">
      <![CDATA[java.lang.AssertionError: Unable to locate element: /html[1]/body[1]/div[1]/div[1]/main[1]/article[1]/div[3]/div[1]/div[3]/div[2]/table[1]/tbody[1]/tr[22]/td[1]
For documentation on this error, please visit: https://www.seleniumhq.org/exceptions/no_such_element.html
Build info: version: '3.141.59', revision: 'e82be7d358', time: '2018-11-14T08:17:03'
System info: host: 'DESKTOP-5P74EC3', ip: '192.168.29.71', os.name: 'Windows 10', os.arch: 'amd64', os.version: '10.0', java.version: '1.8.0_261'
Driver info: org.openqa.selenium.remote.RemoteWebDriver
Capabilities {acceptInsecureCerts: true, browserName: firefox, browserVersion: 81.0, javascriptEnabled: true, moz:accessibilityChecks: false, moz:buildID: 20200917005511, moz:geckodriverVersion: 0.27.0, moz:headless: false, moz:processID: 12364, moz:profile: C:\Users\AYAN RAY\AppData\L..., moz:shutdownTimeout: 60000, moz:useNonSpecCompliantPointerOrigin: false, moz:webdriverClick: true, pageLoadStrategy: normal, platform: WINDOWS, platformName: WINDOWS, platformVersion: 10.0, rotatable: false, setWindowRect: true, strictFileInteractability: false, timeouts: {implicit: 0, pageLoad: 300000, script: 30000}, unhandledPromptBehavior: dismiss and notify, webdriver.remote.sessionid: 5275594f-7e6a-454a-b25a-b3d...}
Session ID: 5275594f-7e6a-454a-b25a-b3d712bc8f5c
*** Element info: {Using=xpath, value=/html[1]/body[1]/div[1]/div[1]/main[1]/article[1]/div[3]/div[1]/div[3]/div[2]/table[1]/tbody[1]/tr[22]/td[1]}
at org.testng.Assert.fail(Assert.java:99)
at emiCalculator_baseUI.BaseUI.reportFail(BaseUI.java:434)
at emiCalculator_baseUI.BaseUI.displayHomeLoanEMI(BaseUI.java:401)
at testCases.TestHome.testTwo(TestHome.java:68)
at sun.reflect.NativeMethodAccessorImpl.invoke0(Native Method)
at sun.reflect.NativeMethodAccessorImpl.invoke(Unknown Source)
at sun.reflect.DelegatingMethodAccessorImpl.invoke(Unknown Source)
at java.lang.reflect.Method.invoke(Unknown Source)
at org.testng.internal.MethodInvocationHelper.invokeMethod(MethodInvocationHelper.java:132)
at org.testng.internal.TestInvoker.invokeMethod(TestInvoker.java:599)
at org.testng.internal.TestInvoker.invokeTestMethod(TestInvoker.java:174)
at org.testng.internal.MethodRunner.runInSequence(MethodRunner.java:46)
at org.testng.internal.TestInvoker$MethodInvocationAgent.invoke(TestInvoker.java:822)
at org.testng.internal.TestInvoker.invokeTestMethods(TestInvoker.java:147)
at org.testng.internal.TestMethodWorker.invokeTestMethods(TestMethodWorker.java:146)
at org.testng.internal.TestMethodWorker.run(TestMethodWorker.java:128)
at java.util.concurrent.ThreadPoolExecutor.runWorker(Unknown Source)
at java.util.concurrent.ThreadPoolExecutor$Worker.run(Unknown Source)
at java.lang.Thread.run(Unknown Source)
]]>
    </failure>
  </testcase> <!-- testTwo -->
  <system-out/>
  <testcase name="testTwo" time="44.381" classname="testCases.TestHome"/>
  <system-out/>
  <testcase name="testTwo" time="51.732" classname="testCases.TestHome"/>
  <system-out/>
</testsuite> <!-- testCases.TestHome -->
