<?xml version="1.0" encoding="UTF-8"?>
<testng-results skipped="0" failed="1" ignored="0" total="12" passed="11">
  <reporter-output>
  </reporter-output>
  <suite name="Multiple Test Suites" duration-ms="395474" started-at="2020-10-29T22:09:39 IST" finished-at="2020-10-29T22:16:15 IST">
    <groups>
    </groups>
    <test name="Test Node1" duration-ms="395474" started-at="2020-10-29T22:09:39 IST" finished-at="2020-10-29T22:16:15 IST">
      <class name="testCases.TestHome">
        <test-method status="PASS" signature="getStarted()[pri:0, instance:testCases.TestHome@a1cdc6d]" name="getStarted" is-config="true" duration-ms="4" started-at="2020-10-29T22:09:40 IST" finished-at="2020-10-29T22:09:40 IST">
          <reporter-output>
          </reporter-output>
        </test-method> <!-- getStarted -->
        <test-method status="PASS" signature="testOne(java.util.Hashtable)[pri:1, instance:testCases.TestHome@a1cdc6d]" name="testOne" duration-ms="52102" started-at="2020-10-29T22:09:40 IST" data-provider="getDataTestOne" finished-at="2020-10-29T22:10:32 IST">
          <params>
            <param index="0">
              <value>
                <![CDATA[{Rate=9.5, Tenure=5.0, Principal=2500000.0}]]>
              </value>
            </param>
          </params>
          <reporter-output>
          </reporter-output>
        </test-method> <!-- testOne -->
        <test-method status="PASS" signature="getStarted()[pri:0, instance:testCases.TestHome@a1cdc6d]" name="getStarted" is-config="true" duration-ms="3" started-at="2020-10-29T22:10:32 IST" finished-at="2020-10-29T22:10:32 IST">
          <reporter-output>
          </reporter-output>
        </test-method> <!-- getStarted -->
        <test-method status="PASS" signature="testOne(java.util.Hashtable)[pri:1, instance:testCases.TestHome@a1cdc6d]" name="testOne" duration-ms="42712" started-at="2020-10-29T22:10:32 IST" data-provider="getDataTestOne" finished-at="2020-10-29T22:11:14 IST">
          <params>
            <param index="0">
              <value>
                <![CDATA[{Rate=12.0, Tenure=8.0, Principal=5000000.0}]]>
              </value>
            </param>
          </params>
          <reporter-output>
          </reporter-output>
        </test-method> <!-- testOne -->
        <test-method status="PASS" signature="getStarted()[pri:0, instance:testCases.TestHome@a1cdc6d]" name="getStarted" is-config="true" duration-ms="1" started-at="2020-10-29T22:11:14 IST" finished-at="2020-10-29T22:11:14 IST">
          <reporter-output>
          </reporter-output>
        </test-method> <!-- getStarted -->
        <test-method status="PASS" signature="testOne(java.util.Hashtable)[pri:1, instance:testCases.TestHome@a1cdc6d]" name="testOne" duration-ms="49690" started-at="2020-10-29T22:11:14 IST" data-provider="getDataTestOne" finished-at="2020-10-29T22:12:04 IST">
          <params>
            <param index="0">
              <value>
                <![CDATA[{Rate=15.0, Tenure=12.0, Principal=7500000.0}]]>
              </value>
            </param>
          </params>
          <reporter-output>
          </reporter-output>
        </test-method> <!-- testOne -->
        <test-method status="PASS" signature="testTwo(java.util.Hashtable)[pri:2, instance:testCases.TestHome@a1cdc6d]" name="testTwo" duration-ms="44381" started-at="2020-10-29T22:12:04 IST" data-provider="getDataTestTwo" finished-at="2020-10-29T22:12:49 IST">
          <params>
            <param index="0">
              <value>
                <![CDATA[{Rate=9.5, Tenure=6.0, Principal=2000000.0}]]>
              </value>
            </param>
          </params>
          <reporter-output>
          </reporter-output>
        </test-method> <!-- testTwo -->
        <test-method status="PASS" signature="getStarted()[pri:0, instance:testCases.TestHome@a1cdc6d]" name="getStarted" is-config="true" duration-ms="0" started-at="2020-10-29T22:12:04 IST" finished-at="2020-10-29T22:12:04 IST">
          <reporter-output>
          </reporter-output>
        </test-method> <!-- getStarted -->
        <test-method status="PASS" signature="getStarted()[pri:0, instance:testCases.TestHome@a1cdc6d]" name="getStarted" is-config="true" duration-ms="0" started-at="2020-10-29T22:12:49 IST" finished-at="2020-10-29T22:12:49 IST">
          <reporter-output>
          </reporter-output>
        </test-method> <!-- getStarted -->
        <test-method status="PASS" signature="testTwo(java.util.Hashtable)[pri:2, instance:testCases.TestHome@a1cdc6d]" name="testTwo" duration-ms="51732" started-at="2020-10-29T22:12:49 IST" data-provider="getDataTestTwo" finished-at="2020-10-29T22:13:40 IST">
          <params>
            <param index="0">
              <value>
                <![CDATA[{Rate=15.0, Tenure=8.0, Principal=7000000.0}]]>
              </value>
            </param>
          </params>
          <reporter-output>
          </reporter-output>
        </test-method> <!-- testTwo -->
        <test-method status="FAIL" signature="testTwo(java.util.Hashtable)[pri:2, instance:testCases.TestHome@a1cdc6d]" name="testTwo" duration-ms="153690" started-at="2020-10-29T22:13:40 IST" data-provider="getDataTestTwo" finished-at="2020-10-29T22:16:14 IST">
          <params>
            <param index="0">
              <value>
                <![CDATA[{Rate=12.5, Tenure=10.0, Principal=9500000.0}]]>
              </value>
            </param>
          </params>
          <exception class="java.lang.AssertionError">
            <message>
              <![CDATA[Unable to locate element: /html[1]/body[1]/div[1]/div[1]/main[1]/article[1]/div[3]/div[1]/div[3]/div[2]/table[1]/tbody[1]/tr[22]/td[1]
For documentation on this error, please visit: https://www.seleniumhq.org/exceptions/no_such_element.html
Build info: version: '3.141.59', revision: 'e82be7d358', time: '2018-11-14T08:17:03'
System info: host: 'DESKTOP-5P74EC3', ip: '192.168.29.71', os.name: 'Windows 10', os.arch: 'amd64', os.version: '10.0', java.version: '1.8.0_261'
Driver info: org.openqa.selenium.remote.RemoteWebDriver
Capabilities {acceptInsecureCerts: true, browserName: firefox, browserVersion: 81.0, javascriptEnabled: true, moz:accessibilityChecks: false, moz:buildID: 20200917005511, moz:geckodriverVersion: 0.27.0, moz:headless: false, moz:processID: 12364, moz:profile: C:\Users\AYAN RAY\AppData\L..., moz:shutdownTimeout: 60000, moz:useNonSpecCompliantPointerOrigin: false, moz:webdriverClick: true, pageLoadStrategy: normal, platform: WINDOWS, platformName: WINDOWS, platformVersion: 10.0, rotatable: false, setWindowRect: true, strictFileInteractability: false, timeouts: {implicit: 0, pageLoad: 300000, script: 30000}, unhandledPromptBehavior: dismiss and notify, webdriver.remote.sessionid: 5275594f-7e6a-454a-b25a-b3d...}
Session ID: 5275594f-7e6a-454a-b25a-b3d712bc8f5c
*** Element info: {Using=xpath, value=/html[1]/body[1]/div[1]/div[1]/main[1]/article[1]/div[3]/div[1]/div[3]/div[2]/table[1]/tbody[1]/tr[22]/td[1]}]]>
            </message>
            <full-stacktrace>
              <![CDATA[java.lang.AssertionError: Unable to locate element: /html[1]/body[1]/div[1]/div[1]/main[1]/article[1]/div[3]/div[1]/div[3]/div[2]/table[1]/tbody[1]/tr[22]/td[1]
For documentation on this error, please visit: https://www.seleniumhq.org/exceptions/no_such_element.html
Build info: version: '3.141.59', revision: 'e82be7d358', time: '2018-11-14T08:17:03'
System info: host: 'DESKTOP-5P74EC3', ip: '192.168.29.71', os.name: 'Windows 10', os.arch: 'amd64', os.version: '10.0', java.version: '1.8.0_261'
Driver info: org.openqa.selenium.remote.RemoteWebDriver
Capabilities {acceptInsecureCerts: true, browserName: firefox, browserVersion: 81.0, javascriptEnabled: true, moz:accessibilityChecks: false, moz:buildID: 20200917005511, moz:geckodriverVersion: 0.27.0, moz:headless: false, moz:processID: 12364, moz:profile: C:\Users\AYAN RAY\AppData\L..., moz:shutdownTimeout: 60000, moz:useNonSpecCompliantPointerOrigin: false, moz:webdriverClick: true, pageLoadStrategy: normal, platform: WINDOWS, platformName: WINDOWS, platformVersion: 10.0, rotatable: false, setWindowRect: true, strictFileInteractability: false, timeouts: {implicit: 0, pageLoad: 300000, script: 30000}, unhandledPromptBehavior: dismiss and notify, webdriver.remote.sessionid: 5275594f-7e6a-454a-b25a-b3d...}
Session ID: 5275594f-7e6a-454a-b25a-b3d712bc8f5c
*** Element info: {Using=xpath, value=/html[1]/body[1]/div[1]/div[1]/main[1]/article[1]/div[3]/div[1]/div[3]/div[2]/table[1]/tbody[1]/tr[22]/td[1]}
at org.testng.Assert.fail(Assert.java:99)
at emiCalculator_baseUI.BaseUI.reportFail(BaseUI.java:434)
at emiCalculator_baseUI.BaseUI.displayHomeLoanEMI(BaseUI.java:401)
at testCases.TestHome.testTwo(TestHome.java:68)
at sun.reflect.NativeMethodAccessorImpl.invoke0(Native Method)
at sun.reflect.NativeMethodAccessorImpl.invoke(Unknown Source)
at sun.reflect.DelegatingMethodAccessorImpl.invoke(Unknown Source)
at java.lang.reflect.Method.invoke(Unknown Source)
at org.testng.internal.MethodInvocationHelper.invokeMethod(MethodInvocationHelper.java:132)
at org.testng.internal.TestInvoker.invokeMethod(TestInvoker.java:599)
at org.testng.internal.TestInvoker.invokeTestMethod(TestInvoker.java:174)
at org.testng.internal.MethodRunner.runInSequence(MethodRunner.java:46)
at org.testng.internal.TestInvoker$MethodInvocationAgent.invoke(TestInvoker.java:822)
at org.testng.internal.TestInvoker.invokeTestMethods(TestInvoker.java:147)
at org.testng.internal.TestMethodWorker.invokeTestMethods(TestMethodWorker.java:146)
at org.testng.internal.TestMethodWorker.run(TestMethodWorker.java:128)
at java.util.concurrent.ThreadPoolExecutor.runWorker(Unknown Source)
at java.util.concurrent.ThreadPoolExecutor$Worker.run(Unknown Source)
at java.lang.Thread.run(Unknown Source)
]]>
            </full-stacktrace>
          </exception> <!-- java.lang.AssertionError -->
          <reporter-output>
          </reporter-output>
        </test-method> <!-- testTwo -->
        <test-method status="PASS" signature="getStarted()[pri:0, instance:testCases.TestHome@a1cdc6d]" name="getStarted" is-config="true" duration-ms="0" started-at="2020-10-29T22:13:40 IST" finished-at="2020-10-29T22:13:40 IST">
          <reporter-output>
          </reporter-output>
        </test-method> <!-- getStarted -->
        <test-method status="PASS" signature="endReport()[pri:0, instance:testCases.TestHome@a1cdc6d]" name="endReport" is-config="true" duration-ms="92" started-at="2020-10-29T22:16:14 IST" finished-at="2020-10-29T22:16:15 IST">
          <reporter-output>
          </reporter-output>
        </test-method> <!-- endReport -->
      </class> <!-- testCases.TestHome -->
      <class name="testCases.TestCar">
        <test-method status="PASS" signature="TestOne(java.util.Hashtable)[pri:1, instance:testCases.TestCar@623a8092]" name="TestOne" duration-ms="51253" started-at="2020-10-29T22:09:40 IST" data-provider="getDataTestOne" finished-at="2020-10-29T22:10:31 IST">
          <params>
            <param index="0">
              <value>
                <![CDATA[{Rate=7.0, Tenure=3.0, Principal=100000.0}]]>
              </value>
            </param>
          </params>
          <reporter-output>
          </reporter-output>
        </test-method> <!-- TestOne -->
        <test-method status="PASS" signature="TestOne(java.util.Hashtable)[pri:1, instance:testCases.TestCar@623a8092]" name="TestOne" duration-ms="44434" started-at="2020-10-29T22:10:31 IST" data-provider="getDataTestOne" finished-at="2020-10-29T22:11:15 IST">
          <params>
            <param index="0">
              <value>
                <![CDATA[{Rate=7.5, Tenure=4.0, Principal=700000.0}]]>
              </value>
            </param>
          </params>
          <reporter-output>
          </reporter-output>
        </test-method> <!-- TestOne -->
        <test-method status="PASS" signature="TestOne(java.util.Hashtable)[pri:1, instance:testCases.TestCar@623a8092]" name="TestOne" duration-ms="44669" started-at="2020-10-29T22:11:15 IST" data-provider="getDataTestOne" finished-at="2020-10-29T22:12:00 IST">
          <params>
            <param index="0">
              <value>
                <![CDATA[{Rate=8.0, Tenure=5.0, Principal=900000.0}]]>
              </value>
            </param>
          </params>
          <reporter-output>
          </reporter-output>
        </test-method> <!-- TestOne -->
        <test-method status="PASS" signature="TestTwo(java.util.Hashtable)[pri:2, instance:testCases.TestCar@623a8092]" name="TestTwo" duration-ms="41881" started-at="2020-10-29T22:12:00 IST" data-provider="getDataTestTwo" finished-at="2020-10-29T22:12:42 IST">
          <params>
            <param index="0">
              <value>
                <![CDATA[{Rate=9.5, Tenure=1.0, Principal=1500000.0}]]>
              </value>
            </param>
          </params>
          <reporter-output>
          </reporter-output>
        </test-method> <!-- TestTwo -->
        <test-method status="PASS" signature="TestTwo(java.util.Hashtable)[pri:2, instance:testCases.TestCar@623a8092]" name="TestTwo" duration-ms="43411" started-at="2020-10-29T22:12:42 IST" data-provider="getDataTestTwo" finished-at="2020-10-29T22:13:25 IST">
          <params>
            <param index="0">
              <value>
                <![CDATA[{Rate=8.0, Tenure=4.0, Principal=400000.0}]]>
              </value>
            </param>
          </params>
          <reporter-output>
          </reporter-output>
        </test-method> <!-- TestTwo -->
        <test-method status="PASS" signature="TestTwo(java.util.Hashtable)[pri:2, instance:testCases.TestCar@623a8092]" name="TestTwo" duration-ms="41790" started-at="2020-10-29T22:13:25 IST" data-provider="getDataTestTwo" finished-at="2020-10-29T22:14:07 IST">
          <params>
            <param index="0">
              <value>
                <![CDATA[{Rate=12.5, Tenure=6.0, Principal=900000.0}]]>
              </value>
            </param>
          </params>
          <reporter-output>
          </reporter-output>
        </test-method> <!-- TestTwo -->
        <test-method status="PASS" signature="endReport()[pri:0, instance:testCases.TestCar@623a8092]" name="endReport" is-config="true" duration-ms="493" started-at="2020-10-29T22:16:14 IST" finished-at="2020-10-29T22:16:14 IST">
          <reporter-output>
          </reporter-output>
        </test-method> <!-- endReport -->
      </class> <!-- testCases.TestCar -->
    </test> <!-- Test Node1 -->
  </suite> <!-- Multiple Test Suites -->
</testng-results>
